# JRE version: Java(TM) SE Runtime Environment (8.0_66-b17) (build 1.8.0_66-b17)
# Java VM: Java HotSpot(TM) 64-Bit Server VM (25.66-b17 mixed mode linux-amd64 compressed oops)
Heap:
 par new generation   total 28224K, used 11964K [0x0000000714800000, 0x00000007166a0000, 0x00000007294c0000)
  eden space 25088K,  37% used [0x0000000714800000, 0x000000071512dcc0, 0x0000000716080000)
  from space 3136K,  81% used [0x0000000716390000, 0x00000007166116f8, 0x00000007166a0000)
  to   space 3136K,   0% used [0x0000000716080000, 0x0000000716080000, 0x0000000716390000)
 concurrent mark-sweep generation total 83316K, used 32869K [0x00000007294c0000, 0x000000072e61d000, 0x00000007c0000000)
 Metaspace       used 63112K, capacity 63507K, committed 64204K, reserved 1105920K
  class space    used 8474K, capacity 8586K, committed 8652K, reserved 1048576K
GC Heap History (10 events):
Event: 34.216 GC heap before
{Heap before GC invocations=28 (full 7):
 par new generation   total 28224K, used 28224K [0x0000000714800000, 0x00000007166a0000, 0x00000007294c0000)
  eden space 25088K, 100% used [0x0000000714800000, 0x0000000716080000, 0x0000000716080000)
  from space 3136K, 100% used [0x0000000716080000, 0x0000000716390000, 0x0000000716390000)
  to   space 3136K,   0% used [0x0000000716390000, 0x0000000716390000, 0x00000007166a0000)
 concurrent mark-sweep generation total 83316K, used 24375K [0x00000007294c0000, 0x000000072e61d000, 0x00000007c0000000)
 Metaspace       used 60426K, capacity 60793K, committed 61516K, reserved 1101824K
  class space    used 8328K, capacity 8443K, committed 8524K, reserved 1048576K
Event: 34.224 GC heap after
Heap after GC invocations=29 (full 7):
 par new generation   total 28224K, used 3135K [0x0000000714800000, 0x00000007166a0000, 0x00000007294c0000)
  eden space 25088K,   0% used [0x0000000714800000, 0x0000000714800000, 0x0000000716080000)
  from space 3136K,  99% used [0x0000000716390000, 0x000000071669fff8, 0x00000007166a0000)
  to   space 3136K,   0% used [0x0000000716080000, 0x0000000716080000, 0x0000000716390000)
 concurrent mark-sweep generation total 83316K, used 28727K [0x00000007294c0000, 0x000000072e61d000, 0x00000007c0000000)
 Metaspace       used 60426K, capacity 60793K, committed 61516K, reserved 1101824K
  class space    used 8328K, capacity 8443K, committed 8524K, reserved 1048576K
}
Event: 37.877 GC heap before
{Heap before GC invocations=29 (full 7):
 par new generation   total 28224K, used 28223K [0x0000000714800000, 0x00000007166a0000, 0x00000007294c0000)
  eden space 25088K, 100% used [0x0000000714800000, 0x0000000716080000, 0x0000000716080000)
  from space 3136K,  99% used [0x0000000716390000, 0x000000071669fff8, 0x00000007166a0000)
  to   space 3136K,   0% used [0x0000000716080000, 0x0000000716080000, 0x0000000716390000)
 concurrent mark-sweep generation total 83316K, used 26473K [0x00000007294c0000, 0x000000072e61d000, 0x00000007c0000000)
 Metaspace       used 61652K, capacity 62001K, committed 62668K, reserved 1103872K
  class space    used 8426K, capacity 8543K, committed 8652K, reserved 1048576K
Event: 37.895 GC heap after
Heap after GC invocations=30 (full 7):
 par new generation   total 28224K, used 3136K [0x0000000714800000, 0x00000007166a0000, 0x00000007294c0000)
  eden space 25088K,   0% used [0x0000000714800000, 0x0000000714800000, 0x0000000716080000)
  from space 3136K, 100% used [0x0000000716080000, 0x0000000716390000, 0x0000000716390000)
  to   space 3136K,   0% used [0x0000000716390000, 0x0000000716390000, 0x00000007166a0000)
 concurrent mark-sweep generation total 83316K, used 32176K [0x00000007294c0000, 0x000000072e61d000, 0x00000007c0000000)
 Metaspace       used 61652K, capacity 62001K, committed 62668K, reserved 1103872K
  class space    used 8426K, capacity 8543K, committed 8652K, reserved 1048576K
}
Event: 43.687 GC heap before
{Heap before GC invocations=30 (full 7):
 par new generation   total 28224K, used 27789K [0x0000000714800000, 0x00000007166a0000, 0x00000007294c0000)
  eden space 25088K,  98% used [0x0000000714800000, 0x0000000716013700, 0x0000000716080000)
  from space 3136K, 100% used [0x0000000716080000, 0x0000000716390000, 0x0000000716390000)
  to   space 3136K,   0% used [0x0000000716390000, 0x0000000716390000, 0x00000007166a0000)
 concurrent mark-sweep generation total 83316K, used 32176K [0x00000007294c0000, 0x000000072e61d000, 0x00000007c0000000)
 Metaspace       used 62415K, capacity 62775K, committed 63436K, reserved 1103872K
  class space    used 8432K, capacity 8544K, committed 8652K, reserved 1048576K
Event: 43.696 GC heap after
Heap after GC invocations=31 (full 7):
 par new generation   total 28224K, used 3046K [0x0000000714800000, 0x00000007166a0000, 0x00000007294c0000)
  eden space 25088K,   0% used [0x0000000714800000, 0x0000000714800000, 0x0000000716080000)
  from space 3136K,  97% used [0x0000000716390000, 0x0000000716689a58, 0x00000007166a0000)
  to   space 3136K,   0% used [0x0000000716080000, 0x0000000716080000, 0x0000000716390000)
 concurrent mark-sweep generation total 83316K, used 35147K [0x00000007294c0000, 0x000000072e61d000, 0x00000007c0000000)
 Metaspace       used 62415K, capacity 62775K, committed 63436K, reserved 1103872K
  class space    used 8432K, capacity 8544K, committed 8652K, reserved 1048576K
}
Event: 50.787 GC heap before
{Heap before GC invocations=31 (full 8):
 par new generation   total 28224K, used 28134K [0x0000000714800000, 0x00000007166a0000, 0x00000007294c0000)
  eden space 25088K, 100% used [0x0000000714800000, 0x0000000716080000, 0x0000000716080000)
  from space 3136K,  97% used [0x0000000716390000, 0x0000000716689a58, 0x00000007166a0000)
  to   space 3136K,   0% used [0x0000000716080000, 0x0000000716080000, 0x0000000716390000)
 concurrent mark-sweep generation total 83316K, used 35147K [0x00000007294c0000, 0x000000072e61d000, 0x00000007c0000000)
 Metaspace       used 62515K, capacity 62903K, committed 63692K, reserved 1103872K
  class space    used 8433K, capacity 8544K, committed 8652K, reserved 1048576K
Event: 50.791 GC heap after
Heap after GC invocations=32 (full 8):
 par new generation   total 28224K, used 1742K [0x0000000714800000, 0x00000007166a0000, 0x00000007294c0000)
  eden space 25088K,   0% used [0x0000000714800000, 0x0000000714800000, 0x0000000716080000)
  from space 3136K,  55% used [0x0000000716080000, 0x0000000716233880, 0x0000000716390000)
  to   space 3136K,   0% used [0x0000000716390000, 0x0000000716390000, 0x00000007166a0000)
 concurrent mark-sweep generation total 83316K, used 35986K [0x00000007294c0000, 0x000000072e61d000, 0x00000007c0000000)
 Metaspace       used 62515K, capacity 62903K, committed 63692K, reserved 1103872K
  class space    used 8433K, capacity 8544K, committed 8652K, reserved 1048576K
}
Event: 80.990 GC heap before
{Heap before GC invocations=32 (full 8):
 par new generation   total 28224K, used 26173K [0x0000000714800000, 0x00000007166a0000, 0x00000007294c0000)
  eden space 25088K,  97% used [0x0000000714800000, 0x0000000715fdbe28, 0x0000000716080000)
  from space 3136K,  55% used [0x0000000716080000, 0x0000000716233880, 0x0000000716390000)
  to   space 3136K,   0% used [0x0000000716390000, 0x0000000716390000, 0x00000007166a0000)
 concurrent mark-sweep generation total 83316K, used 32869K [0x00000007294c0000, 0x000000072e61d000, 0x00000007c0000000)
 Metaspace       used 63053K, capacity 63437K, committed 64204K, reserved 1105920K
  class space    used 8473K, capacity 8585K, committed 8652K, reserved 1048576K
Event: 81.000 GC heap after
Heap after GC invocations=33 (full 8):
 par new generation   total 28224K, used 2565K [0x0000000714800000, 0x00000007166a0000, 0x00000007294c0000)
  eden space 25088K,   0% used [0x0000000714800000, 0x0000000714800000, 0x0000000716080000)
  from space 3136K,  81% used [0x0000000716390000, 0x00000007166116f8, 0x00000007166a0000)
  to   space 3136K,   0% used [0x0000000716080000, 0x0000000716080000, 0x0000000716390000)
 concurrent mark-sweep generation total 83316K, used 32869K [0x00000007294c0000, 0x000000072e61d000, 0x00000007c0000000)
 Metaspace       used 63053K, capacity 63437K, committed 64204K, reserved 1105920K
  class space    used 8473K, capacity 8585K, committed 8652K, reserved 1048576K
}

